kotlin version: 2.3.0
error message: org.jetbrains.kotlin.fir.pipeline.IrGenerationExtensionException: Back-end: Please report this problem https://kotl.in/issue
/Users/renato3x/dev/renato3x/webhook-gateway-api/src/main/kotlin/infrastructure/http/dto/ErrorResponseDTO.kt:8:1
Problem with `@Serializable
data class ErrorResponseDTO {
  constructor(error: String, statusCode: Int, timestamp: Instant = System.now(), details: Map<String, Any> = emptyMap<String, Any>()) /* primary */ {
    super/*Any*/()
    /* <init>() */

  }

  val error: String
    field = error
    get

  val statusCode: Int
    field = statusCode
    get

  val timestamp: Instant
    field = timestamp
    get

  @Contextual
  val details: Map<String, Any>
    field = details
    get

  companion object Companion {
    private constructor() /* primary */ {
      super/*Any*/()
      /* <init>() */

    }

    fun serializer(): KSerializer<ErrorResponseDTO>

    /* fake */ override operator fun equals(other: Any?): Boolean

    /* fake */ override fun hashCode(): Int

    /* fake */ override fun toString(): String

  }

  @Deprecated(message = "This synthesized declaration should not be used directly", level = DeprecationLevel.HIDDEN)
  object $serializer : GeneratedSerializer<ErrorResponseDTO> {
    private constructor() /* primary */ {
      super/*Any*/()
      /* <init>() */

    }

    override fun serialize(encoder: Encoder, value: ErrorResponseDTO)

    override fun deserialize(decoder: Decoder): ErrorResponseDTO

    override val descriptor: SerialDescriptor
      override get

    override fun childSerializers(): Array<KSerializer<*>>

    /* fake */ override fun typeParametersSerializers(): Array<KSerializer<*>>

    /* fake */ override operator fun equals(other: Any?): Boolean

    /* fake */ override fun hashCode(): Int

    /* fake */ override fun toString(): String

  }

  operator fun component1(): String {
    return <this>.#error
  }

  operator fun component2(): Int {
    return <this>.#statusCode
  }

  operator fun component3(): Instant {
    return <this>.#timestamp
  }

  operator fun component4(): Map<String, Any> {
    return <this>.#details
  }

  fun copy(error: String = <this>.#error, statusCode: Int = <this>.#statusCode, timestamp: Instant = <this>.#timestamp, details: Map<String, Any> = <this>.#details): ErrorResponseDTO {
    return ErrorResponseDTO(error = error, statusCode = statusCode, timestamp = timestamp, details = details)
  }

  override fun toString(): String {
    return "ErrorResponseDTO(" + "error=" + <this>.#error + ", " + "statusCode=" + <this>.#statusCode + ", " + "timestamp=" + <this>.#timestamp + ", " + "details=" + <this>.#details + ")"
  }

  override fun hashCode(): Int {
    var result: Int = <this>.#error.hashCode()
    result = result.times(other = 31).plus(other = <this>.#statusCode.hashCode())
    result = result.times(other = 31).plus(other = <this>.#timestamp.hashCode())
    result = result.times(other = 31).plus(other = <this>.#details.hashCode())
    return result
  }

  override operator fun equals(other: Any?): Boolean {
    when {
      EQEQEQ(arg0 = <this>, arg1 = other) -> return true
    }
    when {
      other !is ErrorResponseDTO -> return false
    }
    val tmp0_other_with_cast: ErrorResponseDTO = other /*as ErrorResponseDTO */
    when {
      EQEQ(arg0 = <this>.#error, arg1 = tmp0_other_with_cast.#error).not() -> return false
    }
    when {
      EQEQ(arg0 = <this>.#statusCode, arg1 = tmp0_other_with_cast.#statusCode).not() -> return false
    }
    when {
      EQEQ(arg0 = <this>.#timestamp, arg1 = tmp0_other_with_cast.#timestamp).not() -> return false
    }
    when {
      EQEQ(arg0 = <this>.#details, arg1 = tmp0_other_with_cast.#details).not() -> return false
    }
    return true
  }

  @JvmStatic
  internal /* static */ fun write$Self(self: ErrorResponseDTO, output: CompositeEncoder, serialDesc: SerialDescriptor)

  internal constructor(seen0: Int, error: String?, statusCode: Int, timestamp: Instant?, details: Map<String, Any>?, serializationConstructorMarker: SerializationConstructorMarker?)

}

`
Details: kotlinx.serialization compiler plugin internal error: unable to transform declaration, see cause
	at org.jetbrains.kotlin.fir.pipeline.Fir2IrPipeline.applyIrGenerationExtensions(convertToIr.kt:577)
	at org.jetbrains.kotlin.fir.pipeline.Fir2IrPipeline.runActualizationPipeline(convertToIr.kt:279)
	at org.jetbrains.kotlin.fir.pipeline.Fir2IrPipeline.convertToIrAndActualize(convertToIr.kt:150)
	at org.jetbrains.kotlin.fir.pipeline.ConvertToIrKt.convertToIrAndActualize(convertToIr.kt:115)
	at org.jetbrains.kotlin.fir.pipeline.ConvertToIrKt.convertToIrAndActualize$default(convertToIr.kt:88)
	at org.jetbrains.kotlin.cli.jvm.compiler.legacy.pipeline.JvmCompilerPipelineKt.convertToIrAndActualizeForJvm(jvmCompilerPipeline.kt:100)
	at org.jetbrains.kotlin.cli.pipeline.jvm.JvmFir2IrPipelinePhase.executePhase(JvmFir2IrPipelinePhase.kt:30)
	at org.jetbrains.kotlin.cli.pipeline.jvm.JvmFir2IrPipelinePhase.executePhase(JvmFir2IrPipelinePhase.kt:25)
	at org.jetbrains.kotlin.cli.pipeline.jvm.JvmFir2IrPipelinePhase.executePhase(JvmFir2IrPipelinePhase.kt:19)
	at org.jetbrains.kotlin.cli.pipeline.PipelinePhase.phaseBody(PipelinePhase.kt:68)
	at org.jetbrains.kotlin.cli.pipeline.PipelinePhase.phaseBody(PipelinePhase.kt:58)
	at org.jetbrains.kotlin.config.phaser.NamedCompilerPhase.invoke(CompilerPhase.kt:102)
	at org.jetbrains.kotlin.backend.common.phaser.CompositePhase.invoke(PhaseBuilders.kt:22)
	at org.jetbrains.kotlin.config.phaser.CompilerPhaseKt.invokeToplevel(CompilerPhase.kt:53)
	at org.jetbrains.kotlin.cli.pipeline.AbstractCliPipeline.runPhasedPipeline(AbstractCliPipeline.kt:109)
	at org.jetbrains.kotlin.cli.pipeline.AbstractCliPipeline.execute(AbstractCliPipeline.kt:68)
	at org.jetbrains.kotlin.cli.jvm.K2JVMCompiler.doExecutePhased(K2JVMCompiler.kt:51)
	at org.jetbrains.kotlin.cli.jvm.K2JVMCompiler.doExecutePhased(K2JVMCompiler.kt:42)
	at org.jetbrains.kotlin.cli.common.CLICompiler.execImpl(CLICompiler.kt:89)
	at org.jetbrains.kotlin.cli.common.CLICompiler.exec(CLICompiler.kt:359)
	at org.jetbrains.kotlin.incremental.IncrementalJvmCompilerRunnerBase.runCompiler(IncrementalJvmCompilerRunnerBase.kt:178)
	at org.jetbrains.kotlin.incremental.IncrementalJvmCompilerRunnerBase.runCompiler(IncrementalJvmCompilerRunnerBase.kt:40)
	at org.jetbrains.kotlin.incremental.IncrementalCompilerRunner.doCompile(IncrementalCompilerRunner.kt:504)
	at org.jetbrains.kotlin.incremental.IncrementalCompilerRunner.compileImpl(IncrementalCompilerRunner.kt:418)
	at org.jetbrains.kotlin.incremental.IncrementalCompilerRunner.tryCompileIncrementally$lambda$0$compile(IncrementalCompilerRunner.kt:249)
	at org.jetbrains.kotlin.incremental.IncrementalCompilerRunner.tryCompileIncrementally(IncrementalCompilerRunner.kt:267)
	at org.jetbrains.kotlin.incremental.IncrementalCompilerRunner.compile(IncrementalCompilerRunner.kt:119)
	at org.jetbrains.kotlin.daemon.CompileServiceImplBase.execIncrementalCompiler(CompileServiceImpl.kt:684)
	at org.jetbrains.kotlin.daemon.CompileServiceImplBase.access$execIncrementalCompiler(CompileServiceImpl.kt:94)
	at org.jetbrains.kotlin.daemon.CompileServiceImpl.compile(CompileServiceImpl.kt:1810)
	at java.base/jdk.internal.reflect.DirectMethodHandleAccessor.invoke(DirectMethodHandleAccessor.java:103)
	at java.base/java.lang.reflect.Method.invoke(Method.java:580)
	at java.rmi/sun.rmi.server.UnicastServerRef.dispatch(UnicastServerRef.java:360)
	at java.rmi/sun.rmi.transport.Transport$1.run(Transport.java:200)
	at java.rmi/sun.rmi.transport.Transport$1.run(Transport.java:197)
	at java.base/java.security.AccessController.doPrivileged(AccessController.java:714)
	at java.rmi/sun.rmi.transport.Transport.serviceCall(Transport.java:196)
	at java.rmi/sun.rmi.transport.tcp.TCPTransport.handleMessages(TCPTransport.java:598)
	at java.rmi/sun.rmi.transport.tcp.TCPTransport$ConnectionHandler.run0(TCPTransport.java:844)
	at java.rmi/sun.rmi.transport.tcp.TCPTransport$ConnectionHandler.lambda$run$0(TCPTransport.java:721)
	at java.base/java.security.AccessController.doPrivileged(AccessController.java:400)
	at java.rmi/sun.rmi.transport.tcp.TCPTransport$ConnectionHandler.run(TCPTransport.java:720)
	at java.base/java.util.concurrent.ThreadPoolExecutor.runWorker(ThreadPoolExecutor.java:1144)
	at java.base/java.util.concurrent.ThreadPoolExecutor$Worker.run(ThreadPoolExecutor.java:642)
	at java.base/java.lang.Thread.run(Thread.java:1583)
Caused by: org.jetbrains.kotlin.backend.common.CompilationException: Back-end: Please report this problem https://kotl.in/issue
/Users/renato3x/dev/renato3x/webhook-gateway-api/src/main/kotlin/infrastructure/http/dto/ErrorResponseDTO.kt:8:1
Problem with `@Serializable
data class ErrorResponseDTO {
  constructor(error: String, statusCode: Int, timestamp: Instant = System.now(), details: Map<String, Any> = emptyMap<String, Any>()) /* primary */ {
    super/*Any*/()
    /* <init>() */

  }

  val error: String
    field = error
    get

  val statusCode: Int
    field = statusCode
    get

  val timestamp: Instant
    field = timestamp
    get

  @Contextual
  val details: Map<String, Any>
    field = details
    get

  companion object Companion {
    private constructor() /* primary */ {
      super/*Any*/()
      /* <init>() */

    }

    fun serializer(): KSerializer<ErrorResponseDTO>

    /* fake */ override operator fun equals(other: Any?): Boolean

    /* fake */ override fun hashCode(): Int

    /* fake */ override fun toString(): String

  }

  @Deprecated(message = "This synthesized declaration should not be used directly", level = DeprecationLevel.HIDDEN)
  object $serializer : GeneratedSerializer<ErrorResponseDTO> {
    private constructor() /* primary */ {
      super/*Any*/()
      /* <init>() */

    }

    override fun serialize(encoder: Encoder, value: ErrorResponseDTO)

    override fun deserialize(decoder: Decoder): ErrorResponseDTO

    override val descriptor: SerialDescriptor
      override get

    override fun childSerializers(): Array<KSerializer<*>>

    /* fake */ override fun typeParametersSerializers(): Array<KSerializer<*>>

    /* fake */ override operator fun equals(other: Any?): Boolean

    /* fake */ override fun hashCode(): Int

    /* fake */ override fun toString(): String

  }

  operator fun component1(): String {
    return <this>.#error
  }

  operator fun component2(): Int {
    return <this>.#statusCode
  }

  operator fun component3(): Instant {
    return <this>.#timestamp
  }

  operator fun component4(): Map<String, Any> {
    return <this>.#details
  }

  fun copy(error: String = <this>.#error, statusCode: Int = <this>.#statusCode, timestamp: Instant = <this>.#timestamp, details: Map<String, Any> = <this>.#details): ErrorResponseDTO {
    return ErrorResponseDTO(error = error, statusCode = statusCode, timestamp = timestamp, details = details)
  }

  override fun toString(): String {
    return "ErrorResponseDTO(" + "error=" + <this>.#error + ", " + "statusCode=" + <this>.#statusCode + ", " + "timestamp=" + <this>.#timestamp + ", " + "details=" + <this>.#details + ")"
  }

  override fun hashCode(): Int {
    var result: Int = <this>.#error.hashCode()
    result = result.times(other = 31).plus(other = <this>.#statusCode.hashCode())
    result = result.times(other = 31).plus(other = <this>.#timestamp.hashCode())
    result = result.times(other = 31).plus(other = <this>.#details.hashCode())
    return result
  }

  override operator fun equals(other: Any?): Boolean {
    when {
      EQEQEQ(arg0 = <this>, arg1 = other) -> return true
    }
    when {
      other !is ErrorResponseDTO -> return false
    }
    val tmp0_other_with_cast: ErrorResponseDTO = other /*as ErrorResponseDTO */
    when {
      EQEQ(arg0 = <this>.#error, arg1 = tmp0_other_with_cast.#error).not() -> return false
    }
    when {
      EQEQ(arg0 = <this>.#statusCode, arg1 = tmp0_other_with_cast.#statusCode).not() -> return false
    }
    when {
      EQEQ(arg0 = <this>.#timestamp, arg1 = tmp0_other_with_cast.#timestamp).not() -> return false
    }
    when {
      EQEQ(arg0 = <this>.#details, arg1 = tmp0_other_with_cast.#details).not() -> return false
    }
    return true
  }

  @JvmStatic
  internal /* static */ fun write$Self(self: ErrorResponseDTO, output: CompositeEncoder, serialDesc: SerialDescriptor)

  internal constructor(seen0: Int, error: String?, statusCode: Int, timestamp: Instant?, details: Map<String, Any>?, serializationConstructorMarker: SerializationConstructorMarker?)

}

`
Details: kotlinx.serialization compiler plugin internal error: unable to transform declaration, see cause
	at org.jetbrains.kotlinx.serialization.compiler.extensions.SerializerClassLowering.lower(SerializationLoweringExtension.kt:233)
	at org.jetbrains.kotlinx.serialization.compiler.extensions.SerializationLoweringExtensionKt$runOnFileInOrder$1.visitClass(SerializationLoweringExtension.kt:46)
	at org.jetbrains.kotlin.ir.visitors.IrVisitorVoid.visitClass(IrVisitorVoid.kt:44)
	at org.jetbrains.kotlin.ir.visitors.IrVisitorVoid.visitClass(IrVisitorVoid.kt:18)
	at org.jetbrains.kotlin.ir.declarations.IrClass.accept(IrClass.kt:72)
	at org.jetbrains.kotlin.ir.declarations.IrPackageFragment.acceptChildren(IrPackageFragment.kt:27)
	at org.jetbrains.kotlin.ir.visitors.IrVisitorsKt.acceptChildrenVoid(IrVisitors.kt:23)
	at org.jetbrains.kotlinx.serialization.compiler.extensions.SerializationLoweringExtensionKt$runOnFileInOrder$1.visitElement(SerializationLoweringExtension.kt:42)
	at org.jetbrains.kotlin.ir.visitors.IrVisitorVoid.visitPackageFragment(IrVisitorVoid.kt:168)
	at org.jetbrains.kotlin.ir.visitors.IrVisitorVoid.visitFile(IrVisitorVoid.kt:184)
	at org.jetbrains.kotlin.ir.visitors.IrVisitorVoid.visitFile(IrVisitorVoid.kt:180)
	at org.jetbrains.kotlin.ir.visitors.IrVisitorVoid.visitFile(IrVisitorVoid.kt:18)
	at org.jetbrains.kotlin.ir.declarations.IrFile.accept(IrFile.kt:27)
	at org.jetbrains.kotlin.ir.visitors.IrVisitorsKt.acceptVoid(IrVisitors.kt:11)
	at org.jetbrains.kotlinx.serialization.compiler.extensions.SerializationLoweringExtensionKt.runOnFileInOrder(SerializationLoweringExtension.kt:40)
	at org.jetbrains.kotlinx.serialization.compiler.extensions.SerializationLoweringExtension.generate(SerializationLoweringExtension.kt:197)
	at org.jetbrains.kotlin.fir.pipeline.Fir2IrPipeline.applyIrGenerationExtensions(convertToIr.kt:571)
	... 44 more
Caused by: java.lang.IllegalStateException: Serializer for element of type kotlin.Any has not been found
	at org.jetbrains.kotlinx.serialization.compiler.backend.ir.SerializerSearchUtilKt.findTypeSerializerOrContext(SerializerSearchUtil.kt:85)
	at org.jetbrains.kotlinx.serialization.compiler.backend.ir.BaseIrGenerator.createSerializerOnlyForClasses(BaseIrGenerator.kt:511)
	at org.jetbrains.kotlinx.serialization.compiler.backend.ir.BaseIrGenerator.cacheableChildSerializerInstance(BaseIrGenerator.kt:479)
	at org.jetbrains.kotlinx.serialization.compiler.backend.ir.BaseIrGenerator.createCachedChildSerializers(BaseIrGenerator.kt:465)
	at org.jetbrains.kotlinx.serialization.compiler.backend.ir.SerializableIrGenerator.<init>(SerializableIrGenerator.kt:62)
	at org.jetbrains.kotlinx.serialization.compiler.backend.ir.SerializableIrGenerator$Companion.generate(SerializableIrGenerator.kt:407)
	at org.jetbrains.kotlinx.serialization.compiler.extensions.SerializerClassLowering.lower(SerializationLoweringExtension.kt:149)
	... 60 more


